[2017-06-09 11:34:13.401] [ERROR] pomelo-rpc - [31m[mqtt-acceptor] [39mprocess rpc message error TypeError: Cannot read property 'add' of undefined
    at roomRemote.add (/Users/shoong/Documents/workspace/GDX/HelloWorld/game-server/app/servers/room/remote/roomRemote.js:21:33)
    at Dispatcher.pro.route (/Users/shoong/Documents/workspace/GDX/HelloWorld/game-server/node_modules/pomelo-rpc/lib/rpc-server/dispatcher.js:52:10)
    at Acceptor.cb (/Users/shoong/Documents/workspace/GDX/HelloWorld/game-server/node_modules/pomelo-rpc/lib/rpc-server/gateway.js:22:16)
    at processMsg (/Users/shoong/Documents/workspace/GDX/HelloWorld/game-server/node_modules/pomelo-rpc/lib/rpc-server/acceptors/mqtt-acceptor.js:138:12)
    at Connection.<anonymous> (/Users/shoong/Documents/workspace/GDX/HelloWorld/game-server/node_modules/pomelo-rpc/lib/rpc-server/acceptors/mqtt-acceptor.js:62:11)
    at emitOne (events.js:96:13)
    at Connection.emit (events.js:188:7)
    at Connection.emitPacket (/Users/shoong/Documents/workspace/GDX/HelloWorld/game-server/node_modules/mqtt-connection/connection.js:14:8)
    at emitOne (events.js:96:13)
    at Connection.emit (events.js:188:7)
[2017-06-09 11:40:53.367] [ERROR] pomelo-rpc - [31m[mqtt-acceptor] [39mprocess rpc message error TypeError: Cannot read property 'addRoom' of undefined
    at roomRemote.add (/Users/shoong/Documents/workspace/GDX/HelloWorld/game-server/app/servers/room/remote/roomRemote.js:21:33)
    at Dispatcher.pro.route (/Users/shoong/Documents/workspace/GDX/HelloWorld/game-server/node_modules/pomelo-rpc/lib/rpc-server/dispatcher.js:52:10)
    at Acceptor.cb (/Users/shoong/Documents/workspace/GDX/HelloWorld/game-server/node_modules/pomelo-rpc/lib/rpc-server/gateway.js:22:16)
    at processMsg (/Users/shoong/Documents/workspace/GDX/HelloWorld/game-server/node_modules/pomelo-rpc/lib/rpc-server/acceptors/mqtt-acceptor.js:138:12)
    at Connection.<anonymous> (/Users/shoong/Documents/workspace/GDX/HelloWorld/game-server/node_modules/pomelo-rpc/lib/rpc-server/acceptors/mqtt-acceptor.js:62:11)
    at emitOne (events.js:96:13)
    at Connection.emit (events.js:188:7)
    at Connection.emitPacket (/Users/shoong/Documents/workspace/GDX/HelloWorld/game-server/node_modules/mqtt-connection/connection.js:14:8)
    at emitOne (events.js:96:13)
    at Connection.emit (events.js:188:7)
[2017-06-09 11:46:42.132] [ERROR] pomelo-rpc - [31m[mqtt-acceptor] [39mprocess rpc message error ReferenceError: app is not defined
    at roomRemote.add (/Users/shoong/Documents/workspace/GDX/HelloWorld/game-server/app/servers/room/remote/roomRemote.js:22:17)
    at Dispatcher.pro.route (/Users/shoong/Documents/workspace/GDX/HelloWorld/game-server/node_modules/pomelo-rpc/lib/rpc-server/dispatcher.js:52:10)
    at Acceptor.cb (/Users/shoong/Documents/workspace/GDX/HelloWorld/game-server/node_modules/pomelo-rpc/lib/rpc-server/gateway.js:22:16)
    at processMsg (/Users/shoong/Documents/workspace/GDX/HelloWorld/game-server/node_modules/pomelo-rpc/lib/rpc-server/acceptors/mqtt-acceptor.js:138:12)
    at Connection.<anonymous> (/Users/shoong/Documents/workspace/GDX/HelloWorld/game-server/node_modules/pomelo-rpc/lib/rpc-server/acceptors/mqtt-acceptor.js:62:11)
    at emitOne (events.js:96:13)
    at Connection.emit (events.js:188:7)
    at Connection.emitPacket (/Users/shoong/Documents/workspace/GDX/HelloWorld/game-server/node_modules/mqtt-connection/connection.js:14:8)
    at emitOne (events.js:96:13)
    at Connection.emit (events.js:188:7)
[2017-06-09 11:47:13.110] [ERROR] pomelo-rpc - [31m[mqtt-acceptor] [39mprocess rpc message error TypeError: Cannot read property 'add' of undefined
    at roomRemote.add (/Users/shoong/Documents/workspace/GDX/HelloWorld/game-server/app/servers/room/remote/roomRemote.js:22:44)
    at Dispatcher.pro.route (/Users/shoong/Documents/workspace/GDX/HelloWorld/game-server/node_modules/pomelo-rpc/lib/rpc-server/dispatcher.js:52:10)
    at Acceptor.cb (/Users/shoong/Documents/workspace/GDX/HelloWorld/game-server/node_modules/pomelo-rpc/lib/rpc-server/gateway.js:22:16)
    at processMsg (/Users/shoong/Documents/workspace/GDX/HelloWorld/game-server/node_modules/pomelo-rpc/lib/rpc-server/acceptors/mqtt-acceptor.js:138:12)
    at Connection.<anonymous> (/Users/shoong/Documents/workspace/GDX/HelloWorld/game-server/node_modules/pomelo-rpc/lib/rpc-server/acceptors/mqtt-acceptor.js:62:11)
    at emitOne (events.js:96:13)
    at Connection.emit (events.js:188:7)
    at Connection.emitPacket (/Users/shoong/Documents/workspace/GDX/HelloWorld/game-server/node_modules/mqtt-connection/connection.js:14:8)
    at emitOne (events.js:96:13)
    at Connection.emit (events.js:188:7)
[2017-06-09 11:47:40.699] [ERROR] pomelo-rpc - [31m[mqtt-acceptor] [39mprocess rpc message error TypeError: Cannot read property 'addRoom' of undefined
    at roomRemote.add (/Users/shoong/Documents/workspace/GDX/HelloWorld/game-server/app/servers/room/remote/roomRemote.js:22:44)
    at Dispatcher.pro.route (/Users/shoong/Documents/workspace/GDX/HelloWorld/game-server/node_modules/pomelo-rpc/lib/rpc-server/dispatcher.js:52:10)
    at Acceptor.cb (/Users/shoong/Documents/workspace/GDX/HelloWorld/game-server/node_modules/pomelo-rpc/lib/rpc-server/gateway.js:22:16)
    at processMsg (/Users/shoong/Documents/workspace/GDX/HelloWorld/game-server/node_modules/pomelo-rpc/lib/rpc-server/acceptors/mqtt-acceptor.js:138:12)
    at Connection.<anonymous> (/Users/shoong/Documents/workspace/GDX/HelloWorld/game-server/node_modules/pomelo-rpc/lib/rpc-server/acceptors/mqtt-acceptor.js:62:11)
    at emitOne (events.js:96:13)
    at Connection.emit (events.js:188:7)
    at Connection.emitPacket (/Users/shoong/Documents/workspace/GDX/HelloWorld/game-server/node_modules/mqtt-connection/connection.js:14:8)
    at emitOne (events.js:96:13)
    at Connection.emit (events.js:188:7)
[2017-06-09 11:49:59.194] [ERROR] pomelo-rpc - [31m[mqtt-acceptor] [39mprocess rpc message error TypeError: Cannot read property 'addRoom' of undefined
    at roomRemote.add (/Users/shoong/Documents/workspace/GDX/HelloWorld/game-server/app/servers/room/remote/roomRemote.js:23:33)
    at Dispatcher.pro.route (/Users/shoong/Documents/workspace/GDX/HelloWorld/game-server/node_modules/pomelo-rpc/lib/rpc-server/dispatcher.js:52:10)
    at Acceptor.cb (/Users/shoong/Documents/workspace/GDX/HelloWorld/game-server/node_modules/pomelo-rpc/lib/rpc-server/gateway.js:22:16)
    at processMsg (/Users/shoong/Documents/workspace/GDX/HelloWorld/game-server/node_modules/pomelo-rpc/lib/rpc-server/acceptors/mqtt-acceptor.js:138:12)
    at Connection.<anonymous> (/Users/shoong/Documents/workspace/GDX/HelloWorld/game-server/node_modules/pomelo-rpc/lib/rpc-server/acceptors/mqtt-acceptor.js:62:11)
    at emitOne (events.js:96:13)
    at Connection.emit (events.js:188:7)
    at Connection.emitPacket (/Users/shoong/Documents/workspace/GDX/HelloWorld/game-server/node_modules/mqtt-connection/connection.js:14:8)
    at emitOne (events.js:96:13)
    at Connection.emit (events.js:188:7)
[2017-06-09 11:51:06.260] [ERROR] pomelo-rpc - [31m[mqtt-acceptor] [39mprocess rpc message error TypeError: Cannot read property 'addRoom' of undefined
    at roomRemote.add (/Users/shoong/Documents/workspace/GDX/HelloWorld/game-server/app/servers/room/remote/roomRemote.js:23:33)
    at Dispatcher.pro.route (/Users/shoong/Documents/workspace/GDX/HelloWorld/game-server/node_modules/pomelo-rpc/lib/rpc-server/dispatcher.js:52:10)
    at Acceptor.cb (/Users/shoong/Documents/workspace/GDX/HelloWorld/game-server/node_modules/pomelo-rpc/lib/rpc-server/gateway.js:22:16)
    at processMsg (/Users/shoong/Documents/workspace/GDX/HelloWorld/game-server/node_modules/pomelo-rpc/lib/rpc-server/acceptors/mqtt-acceptor.js:138:12)
    at Connection.<anonymous> (/Users/shoong/Documents/workspace/GDX/HelloWorld/game-server/node_modules/pomelo-rpc/lib/rpc-server/acceptors/mqtt-acceptor.js:62:11)
    at emitOne (events.js:96:13)
    at Connection.emit (events.js:188:7)
    at Connection.emitPacket (/Users/shoong/Documents/workspace/GDX/HelloWorld/game-server/node_modules/mqtt-connection/connection.js:14:8)
    at emitOne (events.js:96:13)
    at Connection.emit (events.js:188:7)
[2017-06-09 11:52:14.344] [ERROR] pomelo-rpc - [31m[mqtt-acceptor] [39mprocess rpc message error TypeError: Cannot read property 'addRoom' of undefined
    at roomRemote.add (/Users/shoong/Documents/workspace/GDX/HelloWorld/game-server/app/servers/room/remote/roomRemote.js:23:33)
    at Dispatcher.pro.route (/Users/shoong/Documents/workspace/GDX/HelloWorld/game-server/node_modules/pomelo-rpc/lib/rpc-server/dispatcher.js:52:10)
    at Acceptor.cb (/Users/shoong/Documents/workspace/GDX/HelloWorld/game-server/node_modules/pomelo-rpc/lib/rpc-server/gateway.js:22:16)
    at processMsg (/Users/shoong/Documents/workspace/GDX/HelloWorld/game-server/node_modules/pomelo-rpc/lib/rpc-server/acceptors/mqtt-acceptor.js:138:12)
    at Connection.<anonymous> (/Users/shoong/Documents/workspace/GDX/HelloWorld/game-server/node_modules/pomelo-rpc/lib/rpc-server/acceptors/mqtt-acceptor.js:62:11)
    at emitOne (events.js:96:13)
    at Connection.emit (events.js:188:7)
    at Connection.emitPacket (/Users/shoong/Documents/workspace/GDX/HelloWorld/game-server/node_modules/mqtt-connection/connection.js:14:8)
    at emitOne (events.js:96:13)
    at Connection.emit (events.js:188:7)
[2017-06-09 11:53:39.688] [ERROR] pomelo-rpc - [31m[mqtt-acceptor] [39mprocess rpc message error TypeError: Cannot read property 'addRoom' of undefined
    at roomRemote.add (/Users/shoong/Documents/workspace/GDX/HelloWorld/game-server/app/servers/room/remote/roomRemote.js:25:33)
    at Dispatcher.pro.route (/Users/shoong/Documents/workspace/GDX/HelloWorld/game-server/node_modules/pomelo-rpc/lib/rpc-server/dispatcher.js:52:10)
    at Acceptor.cb (/Users/shoong/Documents/workspace/GDX/HelloWorld/game-server/node_modules/pomelo-rpc/lib/rpc-server/gateway.js:22:16)
    at processMsg (/Users/shoong/Documents/workspace/GDX/HelloWorld/game-server/node_modules/pomelo-rpc/lib/rpc-server/acceptors/mqtt-acceptor.js:138:12)
    at Connection.<anonymous> (/Users/shoong/Documents/workspace/GDX/HelloWorld/game-server/node_modules/pomelo-rpc/lib/rpc-server/acceptors/mqtt-acceptor.js:62:11)
    at emitOne (events.js:96:13)
    at Connection.emit (events.js:188:7)
    at Connection.emitPacket (/Users/shoong/Documents/workspace/GDX/HelloWorld/game-server/node_modules/mqtt-connection/connection.js:14:8)
    at emitOne (events.js:96:13)
    at Connection.emit (events.js:188:7)
[2017-06-09 11:58:04.001] [ERROR] pomelo-rpc - [31m[mqtt-acceptor] [39mprocess rpc message error ReferenceError: checkDuplicate is not defined
    at roomService.addRoom (/Users/shoong/Documents/workspace/GDX/HelloWorld/game-server/app/services/roomService.js:28:6)
    at roomRemote.add (/Users/shoong/Documents/workspace/GDX/HelloWorld/game-server/app/servers/room/remote/roomRemote.js:25:34)
    at Dispatcher.pro.route (/Users/shoong/Documents/workspace/GDX/HelloWorld/game-server/node_modules/pomelo-rpc/lib/rpc-server/dispatcher.js:52:10)
    at Acceptor.cb (/Users/shoong/Documents/workspace/GDX/HelloWorld/game-server/node_modules/pomelo-rpc/lib/rpc-server/gateway.js:22:16)
    at processMsg (/Users/shoong/Documents/workspace/GDX/HelloWorld/game-server/node_modules/pomelo-rpc/lib/rpc-server/acceptors/mqtt-acceptor.js:138:12)
    at Connection.<anonymous> (/Users/shoong/Documents/workspace/GDX/HelloWorld/game-server/node_modules/pomelo-rpc/lib/rpc-server/acceptors/mqtt-acceptor.js:62:11)
    at emitOne (events.js:96:13)
    at Connection.emit (events.js:188:7)
    at Connection.emitPacket (/Users/shoong/Documents/workspace/GDX/HelloWorld/game-server/node_modules/mqtt-connection/connection.js:14:8)
    at emitOne (events.js:96:13)
